Copyright 1986-2018 Xilinx, Inc. All Rights Reserved.
------------------------------------------------------------------------------------
| Tool Version : Vivado v.2018.3 (win64) Build 2405991 Thu Dec  6 23:38:27 MST 2018
| Date         : Sun Apr 14 10:27:28 2024
| Host         : DESKTOP12700 running 64-bit major release  (build 9200)
| Command      : upgrade_ip
| Device       : xc7z010clg400-1
------------------------------------------------------------------------------------

Upgrade Log for IP 'design_1_img_pro_0_0'

1. Summary
----------

SUCCESS in the conversion of design_1_img_pro_0_0 (xilinx.com:user:img_pro:1.0 (Rev. 14)) to Vivado generation flows.






Copyright 1986-2018 Xilinx, Inc. All Rights Reserved.
------------------------------------------------------------------------------------
| Tool Version : Vivado v.2018.3 (win64) Build 2405991 Thu Dec  6 23:38:27 MST 2018
| Date         : Tue Apr  2 11:33:32 2024
| Host         : DESKTOP12700 running 64-bit major release  (build 9200)
| Command      : upgrade_ip
| Device       : xc7z010clg400-1
------------------------------------------------------------------------------------

Upgrade Log for IP 'design_1_img_pro_0_0'

1. Summary
----------

SUCCESS in the upgrade of design_1_img_pro_0_0 (xilinx.com:user:img_pro:1.0) from (Rev. 13) to (Rev. 14)






Copyright 1986-2018 Xilinx, Inc. All Rights Reserved.
------------------------------------------------------------------------------------
| Tool Version : Vivado v.2018.3 (win64) Build 2405991 Thu Dec  6 23:38:27 MST 2018
| Date         : Tue Apr  2 11:31:56 2024
| Host         : DESKTOP12700 running 64-bit major release  (build 9200)
| Command      : upgrade_ip
| Device       : xc7z010clg400-1
------------------------------------------------------------------------------------

Upgrade Log for IP 'design_1_img_pro_0_0'

1. Summary
----------

SUCCESS in the upgrade of design_1_img_pro_0_0 (xilinx.com:user:img_pro:1.0) from (Rev. 12) to (Rev. 13)






Copyright 1986-2018 Xilinx, Inc. All Rights Reserved.
------------------------------------------------------------------------------------
| Tool Version : Vivado v.2018.3 (win64) Build 2405991 Thu Dec  6 23:38:27 MST 2018
| Date         : Tue Apr  2 11:26:50 2024
| Host         : DESKTOP12700 running 64-bit major release  (build 9200)
| Command      : upgrade_ip
| Device       : xc7z010clg400-1
------------------------------------------------------------------------------------

Upgrade Log for IP 'design_1_img_pro_0_0'

1. Summary
----------

SUCCESS in the upgrade of design_1_img_pro_0_0 (xilinx.com:user:img_pro:1.0) from (Rev. 11) to (Rev. 12)






Copyright 1986-2018 Xilinx, Inc. All Rights Reserved.
------------------------------------------------------------------------------------
| Tool Version : Vivado v.2018.3 (win64) Build 2405991 Thu Dec  6 23:38:27 MST 2018
| Date         : Tue Apr  2 10:59:49 2024
| Host         : DESKTOP12700 running 64-bit major release  (build 9200)
| Command      : upgrade_ip
| Device       : xc7z010clg400-1
------------------------------------------------------------------------------------

Upgrade Log for IP 'design_1_img_pro_0_0'

1. Summary
----------

SUCCESS in the upgrade of design_1_img_pro_0_0 (xilinx.com:user:img_pro:1.0) from (Rev. 10) to (Rev. 11)






Copyright 1986-2018 Xilinx, Inc. All Rights Reserved.
------------------------------------------------------------------------------------
| Tool Version : Vivado v.2018.3 (win64) Build 2405991 Thu Dec  6 23:38:27 MST 2018
| Date         : Tue Apr  2 10:56:39 2024
| Host         : DESKTOP12700 running 64-bit major release  (build 9200)
| Command      : upgrade_ip
| Device       : xc7z010clg400-1
------------------------------------------------------------------------------------

Upgrade Log for IP 'design_1_img_pro_0_0'

1. Summary
----------

SUCCESS in the upgrade of design_1_img_pro_0_0 (xilinx.com:user:img_pro:1.0) from (Rev. 9) to (Rev. 10)






Copyright 1986-2018 Xilinx, Inc. All Rights Reserved.
------------------------------------------------------------------------------------
| Tool Version : Vivado v.2018.3 (win64) Build 2405991 Thu Dec  6 23:38:27 MST 2018
| Date         : Tue Apr  2 10:51:40 2024
| Host         : DESKTOP12700 running 64-bit major release  (build 9200)
| Command      : upgrade_ip
| Device       : xc7z010clg400-1
------------------------------------------------------------------------------------

Upgrade Log for IP 'design_1_img_pro_0_0'

1. Summary
----------

SUCCESS in the upgrade of design_1_img_pro_0_0 (xilinx.com:user:img_pro:1.0) from (Rev. 8) to (Rev. 9)






Copyright 1986-2018 Xilinx, Inc. All Rights Reserved.
------------------------------------------------------------------------------------
| Tool Version : Vivado v.2018.3 (win64) Build 2405991 Thu Dec  6 23:38:27 MST 2018
| Date         : Tue Apr  2 10:49:17 2024
| Host         : DESKTOP12700 running 64-bit major release  (build 9200)
| Command      : upgrade_ip
| Device       : xc7z010clg400-1
------------------------------------------------------------------------------------

Upgrade Log for IP 'design_1_img_pro_0_0'

1. Summary
----------

SUCCESS in the upgrade of design_1_img_pro_0_0 (xilinx.com:user:img_pro:1.0) from (Rev. 7) to (Rev. 8)






Copyright 1986-2018 Xilinx, Inc. All Rights Reserved.
------------------------------------------------------------------------------------
| Tool Version : Vivado v.2018.3 (win64) Build 2405991 Thu Dec  6 23:38:27 MST 2018
| Date         : Tue Apr  2 10:44:36 2024
| Host         : DESKTOP12700 running 64-bit major release  (build 9200)
| Command      : upgrade_ip
| Device       : xc7z010clg400-1
------------------------------------------------------------------------------------

Upgrade Log for IP 'design_1_img_pro_0_0'

1. Summary
----------

SUCCESS in the upgrade of design_1_img_pro_0_0 (xilinx.com:user:img_pro:1.0) from (Rev. 2) to (Rev. 7)






Copyright 1986-2018 Xilinx, Inc. All Rights Reserved.
------------------------------------------------------------------------------------
| Tool Version : Vivado v.2018.3 (win64) Build 2405991 Thu Dec  6 23:38:27 MST 2018
| Date         : Tue Apr  2 10:32:56 2024
| Host         : DESKTOP12700 running 64-bit major release  (build 9200)
| Command      : upgrade_ip
| Device       : xc7z010clg400-1
------------------------------------------------------------------------------------

Upgrade Log for IP 'design_1_img_pro_0_0'

1. Summary
----------

SUCCESS in the conversion of design_1_img_pro_0_0 (xilinx.com:user:img_pro:1.0 (Rev. 2)) to Vivado generation flows.






Copyright 1986-2018 Xilinx, Inc. All Rights Reserved.
------------------------------------------------------------------------------------
| Tool Version : Vivado v.2018.3 (win64) Build 2405991 Thu Dec  6 23:38:27 MST 2018
| Date         : Tue Apr  2 10:25:25 2024
| Host         : DESKTOP12700 running 64-bit major release  (build 9200)
| Command      : upgrade_ip
| Device       : xc7z010clg400-1
------------------------------------------------------------------------------------

Upgrade Log for IP 'design_1_img_pro_0_0'

1. Summary
----------

SUCCESS in the conversion of design_1_img_pro_0_0 (xilinx.com:user:img_pro:1.0 (Rev. 2)) to Vivado generation flows.






Copyright 1986-2018 Xilinx, Inc. All Rights Reserved.
------------------------------------------------------------------------------------
| Tool Version : Vivado v.2018.3 (win64) Build 2405991 Thu Dec  6 23:38:27 MST 2018
| Date         : Tue Apr  2 10:18:38 2024
| Host         : DESKTOP12700 running 64-bit major release  (build 9200)
| Command      : upgrade_ip
| Device       : xc7z010clg400-1
------------------------------------------------------------------------------------

Upgrade Log for IP 'design_1_img_pro_0_0'

1. Summary
----------

SUCCESS in the upgrade of design_1_img_pro_0_0 (xilinx.com:user:img_pro:1.0) from (Rev. 11) to (Rev. 2)

