#-----------------------------------------------------------
# Webtalk v2018.3 (64-bit)
# SW Build 2405991 on Thu Dec  6 23:38:27 MST 2018
# 
# Start of session at: Wed Mar 20 19:51:32 2024
# Process ID: 10152
# Current directory: C:/Users/baddog/Desktop/26_ov5640_hdmi/ov5640_hdmi.sdk/webtalk
# Command line: wbtcv.exe -mode batch -source sdk_webtalk.tcl
# Log file: C:/Users/baddog/Desktop/26_ov5640_hdmi/ov5640_hdmi.sdk/webtalk/webtalk.log
# Journal file: C:/Users/baddog/Desktop/26_ov5640_hdmi/ov5640_hdmi.sdk/webtalk\webtalk.jou
#-----------------------------------------------------------
source sdk_webtalk.tcl
# webtalk_init -webtalk_dir C:\\Users\\baddog\\Desktop\\26_ov5640_hdmi\\ov5640_hdmi.sdk\\webtalk
# webtalk_register_client -client project
# webtalk_add_data -client project -key date_generated -value "2024-03-20 19:51:31" -context "software_version_and_target_device"
# webtalk_add_data -client project -key product_version -value "SDK v2018.3" -context "software_version_and_target_device"
# webtalk_add_data -client project -key build_version -value "2018.3" -context "software_version_and_target_device"
# webtalk_add_data -client project -key os_platform -value "amd64" -context "software_version_and_target_device"
# webtalk_add_data -client project -key registration_id -value "" -context "software_version_and_target_device"
# webtalk_add_data -client project -key tool_flow -value "SDK" -context "software_version_and_target_device"
# webtalk_add_data -client project -key beta -value "false" -context "software_version_and_target_device"
# webtalk_add_data -client project -key route_design -value "NA" -context "software_version_and_target_device"
# webtalk_add_data -client project -key target_family -value "NA" -context "software_version_and_target_device"
# webtalk_add_data -client project -key target_device -value "NA" -context "software_version_and_target_device"
# webtalk_add_data -client project -key target_package -value "NA" -context "software_version_and_target_device"
# webtalk_add_data -client project -key target_speed -value "NA" -context "software_version_and_target_device"
# webtalk_add_data -client project -key random_id -value "37og4mp01evpeh1bkcguq7ggp2" -context "software_version_and_target_device"
# webtalk_add_data -client project -key project_id -value "2018.3_8" -context "software_version_and_target_device"
# webtalk_add_data -client project -key project_iteration -value "8" -context "software_version_and_target_device"
# webtalk_add_data -client project -key os_name -value "Microsoft Windows 8 or later , 64-bit" -context "user_environment"
# webtalk_add_data -client project -key os_release -value "major release  (build 9200)" -context "user_environment"
# webtalk_add_data -client project -key cpu_name -value "12th Gen Intel(R) Core(TM) i7-12700" -context "user_environment"
# webtalk_add_data -client project -key cpu_speed -value "2112 MHz" -context "user_environment"
# webtalk_add_data -client project -key total_processors -value "1" -context "user_environment"
# webtalk_add_data -client project -key system_ram -value "34.086 GB" -context "user_environment"
# webtalk_register_client -client sdk
# webtalk_add_data -client sdk -key uid -value "1710933894993" -context "sdk\\\\bsp/1710933894993"
# webtalk_add_data -client sdk -key hwid -value "1710838341761" -context "sdk\\\\bsp/1710933894993"
# webtalk_add_data -client sdk -key os -value "standalone" -context "sdk\\\\bsp/1710933894993"
# webtalk_add_data -client sdk -key apptemplate -value "empty_application" -context "sdk\\\\bsp/1710933894993"
# webtalk_add_data -client sdk -key RecordType -value "BSPCreation" -context "sdk\\\\bsp/1710933894993"
# webtalk_add_data -client sdk -key uid -value "1710933895827" -context "sdk\\\\application/1710933895827"
# webtalk_add_data -client sdk -key hwid -value "1710838341761" -context "sdk\\\\application/1710933895827"
# webtalk_add_data -client sdk -key bspid -value "1710933894993" -context "sdk\\\\application/1710933895827"
# webtalk_add_data -client sdk -key newbsp -value "true" -context "sdk\\\\application/1710933895827"
# webtalk_add_data -client sdk -key os -value "standalone" -context "sdk\\\\application/1710933895827"
# webtalk_add_data -client sdk -key apptemplate -value "empty_application" -context "sdk\\\\application/1710933895827"
# webtalk_add_data -client sdk -key RecordType -value "APPCreation" -context "sdk\\\\application/1710933895827"
# webtalk_add_data -client sdk -key LangUsed -value "C" -context "sdk\\\\application/1710933895827"
# webtalk_add_data -client sdk -key Procused -value "ps7_cortexa9" -context "sdk\\\\application/1710933895827"
# webtalk_add_data -client sdk -key uid -value "1710934808236" -context "sdk\\\\bsp/1710934808236"
# webtalk_add_data -client sdk -key hwid -value "1710838341761" -context "sdk\\\\bsp/1710934808236"
# webtalk_add_data -client sdk -key os -value "standalone" -context "sdk\\\\bsp/1710934808236"
# webtalk_add_data -client sdk -key apptemplate -value "hello_world" -context "sdk\\\\bsp/1710934808236"
# webtalk_add_data -client sdk -key RecordType -value "BSPCreation" -context "sdk\\\\bsp/1710934808236"
# webtalk_add_data -client sdk -key uid -value "1710934809029" -context "sdk\\\\application/1710934809029"
# webtalk_add_data -client sdk -key hwid -value "1710838341761" -context "sdk\\\\application/1710934809029"
# webtalk_add_data -client sdk -key bspid -value "1710934808236" -context "sdk\\\\application/1710934809029"
# webtalk_add_data -client sdk -key newbsp -value "true" -context "sdk\\\\application/1710934809029"
# webtalk_add_data -client sdk -key os -value "standalone" -context "sdk\\\\application/1710934809029"
# webtalk_add_data -client sdk -key apptemplate -value "hello_world" -context "sdk\\\\application/1710934809029"
# webtalk_add_data -client sdk -key RecordType -value "APPCreation" -context "sdk\\\\application/1710934809029"
# webtalk_add_data -client sdk -key LangUsed -value "C" -context "sdk\\\\application/1710934809029"
# webtalk_add_data -client sdk -key Procused -value "ps7_cortexa9" -context "sdk\\\\application/1710934809029"
# webtalk_add_data -client sdk -key projSize -value "192.98828125" -context "sdk\\\\application/1710934809029"
# webtalk_add_data -client sdk -key uid -value "NA" -context "sdk\\\\bsp/1710935491703"
# webtalk_add_data -client sdk -key RecordType -value "ToolUsage" -context "sdk\\\\bsp/1710935491703"
# webtalk_add_data -client sdk -key BootgenCount -value "0" -context "sdk\\\\bsp/1710935491703"
# webtalk_add_data -client sdk -key DebugCount -value "18" -context "sdk\\\\bsp/1710935491703"
# webtalk_add_data -client sdk -key PerfCount -value "0" -context "sdk\\\\bsp/1710935491703"
# webtalk_add_data -client sdk -key FlashCount -value "0" -context "sdk\\\\bsp/1710935491703"
# webtalk_add_data -client sdk -key CrossTriggCount -value "0" -context "sdk\\\\bsp/1710935491703"
# webtalk_add_data -client sdk -key QemuDebugCount -value "0" -context "sdk\\\\bsp/1710935491703"
# webtalk_transmit -clientid 2822982082 -regid "" -xml C:\\Users\\baddog\\Desktop\\26_ov5640_hdmi\\ov5640_hdmi.sdk\\webtalk\\usage_statistics_ext_sdk.xml -html C:\\Users\\baddog\\Desktop\\26_ov5640_hdmi\\ov5640_hdmi.sdk\\webtalk\\usage_statistics_ext_sdk.html -wdm C:\\Users\\baddog\\Desktop\\26_ov5640_hdmi\\ov5640_hdmi.sdk\\webtalk\\sdk_webtalk.wdm -intro "<H3>SDK Usage Report</H3><BR>"
# webtalk_terminate
INFO: [Common 17-206] Exiting Webtalk at Wed Mar 20 19:51:36 2024...
